**********************
Windows PowerShell transcript start
Start time: 20250713131452
Username: DESKTOP-CUM0OJO\lgonzalez
RunAs User: DESKTOP-CUM0OJO\lgonzalez
Configuration Name: 
Machine: DESKTOP-CUM0OJO (Microsoft Windows NT 10.0.26100.0)
Host Application: C:\Windows\System32\WindowsPowerShell\v1.0\powershell.exe
Process ID: 14120
PSVersion: 5.1.26100.4484
PSEdition: Desktop
PSCompatibleVersions: 1.0, 2.0, 3.0, 4.0, 5.0, 5.1.26100.4484
BuildVersion: 10.0.26100.4484
CLRVersion: 4.0.30319.42000
WSManStackVersion: 3.0
PSRemotingProtocolVersion: 2.3
SerializationVersion: 1.1.0.1
**********************
Transcript started, output file is C:\Users\lgonzalez\Desktop\proyecto\scripts\..\logs\usuarios_20250713.log
=== INICIO DE PROCESO: 2025-07-13 13:14:52 ===
PS>TerminatingError(Get-Date): "Cannot bind parameter 'Date'. Cannot convert value "21/7/2025" to type "System.DateTime". Error: "String was not recognized as a valid DateTime.""
>> TerminatingError(Get-Date): "Cannot bind parameter 'Date'. Cannot convert value "21/7/2025" to type "System.DateTime". Error: "String was not recognized as a valid DateTime.""
[ERROR] Fallo al crear ksolomon: Cannot bind parameter 'Date'. Cannot convert value "21/7/2025" to type "System.DateTime". Error: "String was not recognized as a valid DateTime."
PS>TerminatingError(Get-Date): "Cannot bind parameter 'Date'. Cannot convert value "18/7/2025" to type "System.DateTime". Error: "String was not recognized as a valid DateTime.""
>> TerminatingError(Get-Date): "Cannot bind parameter 'Date'. Cannot convert value "18/7/2025" to type "System.DateTime". Error: "String was not recognized as a valid DateTime.""
[ERROR] Fallo al crear cwoodward: Cannot bind parameter 'Date'. Cannot convert value "18/7/2025" to type "System.DateTime". Error: "String was not recognized as a valid DateTime."
PS>TerminatingError(Get-Date): "Cannot bind parameter 'Date'. Cannot convert value "19/7/2025" to type "System.DateTime". Error: "String was not recognized as a valid DateTime.""
>> TerminatingError(Get-Date): "Cannot bind parameter 'Date'. Cannot convert value "19/7/2025" to type "System.DateTime". Error: "String was not recognized as a valid DateTime.""
[ERROR] Fallo al crear lkelly: Cannot bind parameter 'Date'. Cannot convert value "19/7/2025" to type "System.DateTime". Error: "String was not recognized as a valid DateTime."
=== FIN DE PROCESO: 2025-07-13 13:14:52 ===
**********************
Windows PowerShell transcript end
End time: 20250713131452
**********************
**********************
Windows PowerShell transcript start
Start time: 20250713131846
Username: DESKTOP-CUM0OJO\lgonzalez
RunAs User: DESKTOP-CUM0OJO\lgonzalez
Configuration Name: 
Machine: DESKTOP-CUM0OJO (Microsoft Windows NT 10.0.26100.0)
Host Application: C:\Windows\System32\WindowsPowerShell\v1.0\powershell.exe
Process ID: 14120
PSVersion: 5.1.26100.4484
PSEdition: Desktop
PSCompatibleVersions: 1.0, 2.0, 3.0, 4.0, 5.0, 5.1.26100.4484
BuildVersion: 10.0.26100.4484
CLRVersion: 4.0.30319.42000
WSManStackVersion: 3.0
PSRemotingProtocolVersion: 2.3
SerializationVersion: 1.1.0.1
**********************
Transcript started, output file is C:\Users\lgonzalez\Desktop\proyecto\scripts\..\logs\usuarios_20250713.log
=== INICIO DE PROCESO: 2025-07-13 13:18:46 ===

PS>TerminatingError(New-LocalUser): "The running command stopped because the preference variable "ErrorActionPreference" or common parameter is set to Stop: User cwoodward already exists."
**********************
Windows PowerShell transcript end
End time: 20250713131846
**********************
**********************
Windows PowerShell transcript start
Start time: 20250713131928
Username: DESKTOP-CUM0OJO\lgonzalez
RunAs User: DESKTOP-CUM0OJO\lgonzalez
Configuration Name: 
Machine: DESKTOP-CUM0OJO (Microsoft Windows NT 10.0.26100.0)
Host Application: C:\Windows\System32\WindowsPowerShell\v1.0\powershell.exe
Process ID: 14120
PSVersion: 5.1.26100.4484
PSEdition: Desktop
PSCompatibleVersions: 1.0, 2.0, 3.0, 4.0, 5.0, 5.1.26100.4484
BuildVersion: 10.0.26100.4484
CLRVersion: 4.0.30319.42000
WSManStackVersion: 3.0
PSRemotingProtocolVersion: 2.3
SerializationVersion: 1.1.0.1
**********************
Transcript started, output file is C:\Users\lgonzalez\Desktop\proyecto\scripts\..\logs\usuarios_20250713.log
=== INICIO DE PROCESO: 2025-07-13 13:19:28 ===
PS>TerminatingError(New-LocalUser): "The running command stopped because the preference variable "ErrorActionPreference" or common parameter is set to Stop: User ksolomon already exists."
[ERROR] Fallo al crear ksolomon: User ksolomon already exists.
PS>TerminatingError(New-LocalUser): "The running command stopped because the preference variable "ErrorActionPreference" or common parameter is set to Stop: User cwoodward already exists."
[ERROR] Fallo al crear cwoodward: User cwoodward already exists.
PS>TerminatingError(New-LocalUser): "The running command stopped because the preference variable "ErrorActionPreference" or common parameter is set to Stop: User lkelly already exists."
[ERROR] Fallo al crear lkelly: User lkelly already exists.
=== FIN DE PROCESO: 2025-07-13 13:19:28 ===
**********************
Windows PowerShell transcript end
End time: 20250713131928
**********************
**********************
Windows PowerShell transcript start
Start time: 20250713132256
Username: DESKTOP-CUM0OJO\lgonzalez
RunAs User: DESKTOP-CUM0OJO\lgonzalez
Configuration Name: 
Machine: DESKTOP-CUM0OJO (Microsoft Windows NT 10.0.26100.0)
Host Application: C:\Windows\System32\WindowsPowerShell\v1.0\powershell.exe
Process ID: 14120
PSVersion: 5.1.26100.4484
PSEdition: Desktop
PSCompatibleVersions: 1.0, 2.0, 3.0, 4.0, 5.0, 5.1.26100.4484
BuildVersion: 10.0.26100.4484
CLRVersion: 4.0.30319.42000
WSManStackVersion: 3.0
PSRemotingProtocolVersion: 2.3
SerializationVersion: 1.1.0.1
**********************
Transcript started, output file is C:\Users\lgonzalez\Desktop\proyecto\scripts\..\logs\usuarios_20250713.log
=== INICIO DE PROCESO: 2025-07-13 13:22:56 ===
PS>TerminatingError(New-LocalUser): "The running command stopped because the preference variable "ErrorActionPreference" or common parameter is set to Stop: User ksolomon already exists."
[ERROR] Fallo al crear ksolomon: User ksolomon already exists.
PS>TerminatingError(New-LocalUser): "The running command stopped because the preference variable "ErrorActionPreference" or common parameter is set to Stop: User cwoodward already exists."
[ERROR] Fallo al crear cwoodward: User cwoodward already exists.
PS>TerminatingError(New-LocalUser): "The running command stopped because the preference variable "ErrorActionPreference" or common parameter is set to Stop: User lkelly already exists."
[ERROR] Fallo al crear lkelly: User lkelly already exists.

**********************
Windows PowerShell transcript end
End time: 20250713132257
**********************